nosetests -v workflow_test.py
Failure: ImportError (No module named workflow_test) ... ERROR

======================================================================
ERROR: Failure: ImportError (No module named workflow_test)
----------------------------------------------------------------------
Traceback (most recent call last):
  File "/home/seaman/Projects/pipescan/env/lib/python2.7/site-packages/nose/loader.py", line 414, in loadTestsFromName
    addr.filename, addr.module)
  File "/home/seaman/Projects/pipescan/env/lib/python2.7/site-packages/nose/importer.py", line 47, in importFromPath
    return self.importFromDir(dir_path, fqname)
  File "/home/seaman/Projects/pipescan/env/lib/python2.7/site-packages/nose/importer.py", line 79, in importFromDir
    fh, filename, desc = find_module(part, path)
ImportError: No module named workflow_test

----------------------------------------------------------------------

FAILED (errors=1)
